# JRE version: OpenJDK Runtime Environment (17.0.10) (build 17.0.10+0--11572160)
# Java VM: OpenJDK 64-Bit Server VM (17.0.10+0--11572160, mixed mode, tiered, compressed oops, compressed class ptrs, g1 gc, windows-amd64)
GC Precious Log:
 CPUs: 8 total, 8 available
 Memory: 6030M
 Large Page Support: Disabled
 NUMA Support: Disabled
 Compressed Oops: Enabled (32-bit)
 Heap Region Size: 1M
 Heap Min Capacity: 8M
 Heap Initial Capacity: 96M
 Heap Max Capacity: 2G
 Pre-touch: Disabled
 Parallel Workers: 8
 Concurrent Workers: 2
 Concurrent Refinement Workers: 8
 Periodic GC: Disabled
Heap:
 garbage-first heap   total 244736K, used 153106K [0x0000000080000000, 0x0000000100000000)
  region size 1024K, 7 young (7168K), 7 survivors (7168K)
 Metaspace       used 137803K, committed 138560K, reserved 1179648K
  class space    used 17753K, committed 18112K, reserved 1048576K
GC Heap History (20 events):
Event: 39.673 GC heap after
{Heap after GC invocations=58 (full 0):
 garbage-first heap   total 179200K, used 117459K [0x0000000080000000, 0x0000000100000000)
  region size 1024K, 5 young (5120K), 5 survivors (5120K)
 Metaspace       used 126246K, committed 126912K, reserved 1179648K
  class space    used 16218K, committed 16512K, reserved 1048576K
}
Event: 41.083 GC heap before
{Heap before GC invocations=58 (full 0):
 garbage-first heap   total 179200K, used 150227K [0x0000000080000000, 0x0000000100000000)
  region size 1024K, 37 young (37888K), 5 survivors (5120K)
 Metaspace       used 129323K, committed 130048K, reserved 1179648K
  class space    used 16720K, committed 17024K, reserved 1048576K
}
Event: 41.091 GC heap after
{Heap after GC invocations=59 (full 0):
 garbage-first heap   total 179200K, used 118837K [0x0000000080000000, 0x0000000100000000)
  region size 1024K, 3 young (3072K), 3 survivors (3072K)
 Metaspace       used 129323K, committed 130048K, reserved 1179648K
  class space    used 16720K, committed 17024K, reserved 1048576K
}
Event: 43.528 GC heap before
{Heap before GC invocations=59 (full 0):
 garbage-first heap   total 179200K, used 151605K [0x0000000080000000, 0x0000000100000000)
  region size 1024K, 35 young (35840K), 3 survivors (3072K)
 Metaspace       used 136538K, committed 137280K, reserved 1179648K
  class space    used 17651K, committed 17984K, reserved 1048576K
}
Event: 43.538 GC heap after
{Heap after GC invocations=60 (full 0):
 garbage-first heap   total 179200K, used 122298K [0x0000000080000000, 0x0000000100000000)
  region size 1024K, 5 young (5120K), 5 survivors (5120K)
 Metaspace       used 136538K, committed 137280K, reserved 1179648K
  class space    used 17651K, committed 17984K, reserved 1048576K
}
Event: 44.331 GC heap before
{Heap before GC invocations=60 (full 0):
 garbage-first heap   total 179200K, used 149946K [0x0000000080000000, 0x0000000100000000)
  region size 1024K, 33 young (33792K), 5 survivors (5120K)
 Metaspace       used 137184K, committed 137920K, reserved 1179648K
  class space    used 17696K, committed 18048K, reserved 1048576K
}
Event: 44.339 GC heap after
{Heap after GC invocations=61 (full 0):
 garbage-first heap   total 179200K, used 127329K [0x0000000080000000, 0x0000000100000000)
  region size 1024K, 5 young (5120K), 5 survivors (5120K)
 Metaspace       used 137184K, committed 137920K, reserved 1179648K
  class space    used 17696K, committed 18048K, reserved 1048576K
}
Event: 45.455 GC heap before
{Heap before GC invocations=61 (full 0):
 garbage-first heap   total 179200K, used 150881K [0x0000000080000000, 0x0000000100000000)
  region size 1024K, 28 young (28672K), 5 survivors (5120K)
 Metaspace       used 137693K, committed 138432K, reserved 1179648K
  class space    used 17751K, committed 18048K, reserved 1048576K
}
Event: 45.463 GC heap after
{Heap after GC invocations=62 (full 0):
 garbage-first heap   total 179200K, used 129897K [0x0000000080000000, 0x0000000100000000)
  region size 1024K, 3 young (3072K), 3 survivors (3072K)
 Metaspace       used 137693K, committed 138432K, reserved 1179648K
  class space    used 17751K, committed 18048K, reserved 1048576K
}
Event: 45.701 GC heap before
{Heap before GC invocations=62 (full 0):
 garbage-first heap   total 179200K, used 155497K [0x0000000080000000, 0x0000000100000000)
  region size 1024K, 25 young (25600K), 3 survivors (3072K)
 Metaspace       used 137700K, committed 138432K, reserved 1179648K
  class space    used 17751K, committed 18048K, reserved 1048576K
}
Event: 45.716 GC heap after
{Heap after GC invocations=63 (full 0):
 garbage-first heap   total 179200K, used 138852K [0x0000000080000000, 0x0000000100000000)
  region size 1024K, 4 young (4096K), 4 survivors (4096K)
 Metaspace       used 137700K, committed 138432K, reserved 1179648K
  class space    used 17751K, committed 18048K, reserved 1048576K
}
Event: 45.914 GC heap before
{Heap before GC invocations=63 (full 0):
 garbage-first heap   total 179200K, used 147044K [0x0000000080000000, 0x0000000100000000)
  region size 1024K, 13 young (13312K), 4 survivors (4096K)
 Metaspace       used 137704K, committed 138432K, reserved 1179648K
  class space    used 17751K, committed 18048K, reserved 1048576K
}
Event: 45.921 GC heap after
{Heap after GC invocations=64 (full 0):
 garbage-first heap   total 179200K, used 138444K [0x0000000080000000, 0x0000000100000000)
  region size 1024K, 3 young (3072K), 3 survivors (3072K)
 Metaspace       used 137704K, committed 138432K, reserved 1179648K
  class space    used 17751K, committed 18048K, reserved 1048576K
}
Event: 46.033 GC heap before
{Heap before GC invocations=64 (full 0):
 garbage-first heap   total 179200K, used 155852K [0x0000000080000000, 0x0000000100000000)
  region size 1024K, 16 young (16384K), 3 survivors (3072K)
 Metaspace       used 137704K, committed 138432K, reserved 1179648K
  class space    used 17751K, committed 18048K, reserved 1048576K
}
Event: 46.039 GC heap after
{Heap after GC invocations=65 (full 0):
 garbage-first heap   total 179200K, used 146374K [0x0000000080000000, 0x0000000100000000)
  region size 1024K, 2 young (2048K), 2 survivors (2048K)
 Metaspace       used 137704K, committed 138432K, reserved 1179648K
  class space    used 17751K, committed 18048K, reserved 1048576K
}
Event: 46.118 GC heap before
{Heap before GC invocations=66 (full 0):
 garbage-first heap   total 244736K, used 150470K [0x0000000080000000, 0x0000000100000000)
  region size 1024K, 9 young (9216K), 2 survivors (2048K)
 Metaspace       used 137704K, committed 138432K, reserved 1179648K
  class space    used 17751K, committed 18048K, reserved 1048576K
}
Event: 46.124 GC heap after
{Heap after GC invocations=67 (full 0):
 garbage-first heap   total 244736K, used 144335K [0x0000000080000000, 0x0000000100000000)
  region size 1024K, 2 young (2048K), 2 survivors (2048K)
 Metaspace       used 137704K, committed 138432K, reserved 1179648K
  class space    used 17751K, committed 18048K, reserved 1048576K
}
Event: 46.280 GC heap before
{Heap before GC invocations=67 (full 0):
 garbage-first heap   total 244736K, used 153551K [0x0000000080000000, 0x0000000100000000)
  region size 1024K, 11 young (11264K), 2 survivors (2048K)
 Metaspace       used 137704K, committed 138432K, reserved 1179648K
  class space    used 17751K, committed 18048K, reserved 1048576K
}
Event: 46.295 GC heap after
{Heap after GC invocations=68 (full 0):
 garbage-first heap   total 244736K, used 135100K [0x0000000080000000, 0x0000000100000000)
  region size 1024K, 2 young (2048K), 2 survivors (2048K)
 Metaspace       used 137704K, committed 138432K, reserved 1179648K
  class space    used 17751K, committed 18048K, reserved 1048576K
}
Event: 47.079 GC heap before
{Heap before GC invocations=68 (full 0):
 garbage-first heap   total 244736K, used 194492K [0x0000000080000000, 0x0000000100000000)
  region size 1024K, 50 young (51200K), 2 survivors (2048K)
 Metaspace       used 137803K, committed 138560K, reserved 1179648K
  class space    used 17753K, committed 18112K, reserved 1048576K
}

